<?xml version="1.0" encoding="UTF-8"?>
<!-- Generated by org.testng.reporters.JUnitReportReporter -->
<testsuite hostname="RASHHAD-PC" name="TestNG.TEst" tests="1" failures="0" timestamp="6 Jan 2017 06:28:03 GMT" time="0.027" errors="0">
  <testcase name="te" time="0.027" classname="TestNG.TEst"/>
</testsuite> <!-- TestNG.TEst -->
