<?xml version="1.0" encoding="UTF-8"?>
<!-- Generated by org.testng.reporters.JUnitReportReporter -->
<testsuite hostname="RASHHAD-PC" name="TestNG.Dependency" tests="3" failures="0" timestamp="6 Jan 2017 06:00:54 GMT" time="0.053" errors="0">
  <testcase name="MethodA" time="0.004" classname="TestNG.Dependency"/>
  <testcase name="MethodD" time="0.021" classname="TestNG.Dependency"/>
  <testcase name="MethodB" time="0.028" classname="TestNG.Dependency"/>
</testsuite> <!-- TestNG.Dependency -->
