<?xml version="1.0" encoding="UTF-8"?>
<!-- Generated by org.testng.reporters.JUnitReportReporter -->
<testsuite hostname="RASHHAD-PC" name="Java.Strings_In_Java" tests="15" failures="0" timestamp="1 Aug 2016 06:28:35 GMT" time="0.049" errors="0">
  <testcase name="deletecharAt" time="0.001" classname="Java.Strings_In_Java"/>
  <testcase name="Equals" time="0.002" classname="Java.Strings_In_Java"/>
  <testcase name="To_UpperCase" time="0.002" classname="Java.Strings_In_Java"/>
  <testcase name="Delete" time="0.001" classname="Java.Strings_In_Java"/>
  <testcase name="EqualIgnoreCase" time="0.002" classname="Java.Strings_In_Java"/>
  <testcase name="Capacity" time="0.002" classname="Java.Strings_In_Java"/>
  <testcase name="Length" time="0.002" classname="Java.Strings_In_Java"/>
  <testcase name="To_LowerCase" time="0.020" classname="Java.Strings_In_Java"/>
  <testcase name="StartsWith" time="0.002" classname="Java.Strings_In_Java"/>
  <testcase name="Reverse" time="0.001" classname="Java.Strings_In_Java"/>
  <testcase name="Concat" time="0.002" classname="Java.Strings_In_Java"/>
  <testcase name="EndsWith" time="0.001" classname="Java.Strings_In_Java"/>
  <testcase name="Replace" time="0.007" classname="Java.Strings_In_Java"/>
  <testcase name="SubString" time="0.002" classname="Java.Strings_In_Java"/>
  <testcase name="CompareTo" time="0.002" classname="Java.Strings_In_Java"/>
</testsuite> <!-- Java.Strings_In_Java -->
