<?xml version="1.0" encoding="UTF-8"?>
<!-- Generated by org.testng.reporters.JUnitReportReporter -->
<testsuite hostname="RASHHAD-PC" name="TestNG.TestNGSample" tests="3" failures="0" timestamp="6 Jan 2017 06:03:38 GMT" time="0.040" errors="0">
  <testcase name="TestC" time="0.010" classname="TestNG.TestNGSample"/>
  <testcase name="TestA" time="0.025" classname="TestNG.TestNGSample"/>
  <testcase name="TestB" time="0.005" classname="TestNG.TestNGSample"/>
</testsuite> <!-- TestNG.TestNGSample -->
