<?xml version="1.0" encoding="UTF-8"?>
<!-- Generated by org.testng.reporters.JUnitReportReporter -->
<testsuite hostname="RASHHAD-PC" name="TestNG2.TestNG_ANNOTATIONS" tests="2" failures="0" timestamp="3 Dec 2016 11:14:37 GMT" time="0.020" errors="0">
  <testcase name="APlan" time="0.020" classname="TestNG2.TestNG_ANNOTATIONS"/>
  <testcase name="BPlan" time="0.000" classname="TestNG2.TestNG_ANNOTATIONS"/>
</testsuite> <!-- TestNG2.TestNG_ANNOTATIONS -->
