<?xml version="1.0" encoding="UTF-8"?>
<!-- Generated by org.testng.reporters.JUnitReportReporter -->
<testsuite hostname="RASHHAD-PC" name="MyPractice.FacebookScreenShot" tests="1" failures="0" timestamp="26 Jun 2016 19:24:18 GMT" time="18.737" errors="0">
  <testcase name="captureScreenShot" time="18.737" classname="MyPractice.FacebookScreenShot"/>
</testsuite> <!-- MyPractice.FacebookScreenShot -->
