<?xml version="1.0" encoding="UTF-8"?>
<!-- Generated by org.testng.reporters.JUnitReportReporter -->
<testsuite hostname="RASHHAD-PC" name="TestNGG.TestNG_01" tests="2" failures="0" timestamp="15 Mar 2017 06:15:18 GMT" time="13.093" errors="0">
  <testcase name="quit" time="3.184" classname="TestNGG.TestNG_01"/>
  <testcase name="Url" time="9.909" classname="TestNGG.TestNG_01"/>
</testsuite> <!-- TestNGG.TestNG_01 -->
