<?xml version="1.0" encoding="UTF-8"?>
<!-- Generated by org.testng.reporters.JUnitReportReporter -->
<testsuite hostname="RASHHAD-PC" name="TestNG2.Dependency" tests="3" failures="0" timestamp="16 Mar 2017 05:36:32 GMT" time="0.659" errors="0">
  <testcase name="MethodA" time="0.037" classname="TestNG2.Dependency"/>
  <testcase name="MethodD" time="0.443" classname="TestNG2.Dependency"/>
  <testcase name="MethodB" time="0.179" classname="TestNG2.Dependency"/>
</testsuite> <!-- TestNG2.Dependency -->
