<?xml version="1.0" encoding="UTF-8"?>
<!-- Generated by org.testng.reporters.JUnitReportReporter -->
<testsuite hostname="RASHHAD-PC" name="TestNG.TestNG_ANNOTATIONS" tests="2" failures="0" timestamp="15 Mar 2017 05:34:08 GMT" time="0.040" errors="0">
  <testcase name="APlan" time="0.037" classname="TestNG.TestNG_ANNOTATIONS"/>
  <testcase name="BPlan" time="0.003" classname="TestNG.TestNG_ANNOTATIONS"/>
</testsuite> <!-- TestNG.TestNG_ANNOTATIONS -->
