<?xml version="1.0" encoding="UTF-8"?>
<!-- Generated by org.testng.reporters.JUnitReportReporter -->
<testsuite hostname="RASHHAD-PC" name="MyPractice.DragandDropwithHold" tests="1" failures="0" timestamp="28 Mar 2017 07:04:37 GMT" time="15.375" errors="0">
  <testcase name="DragandDrop2" time="15.375" classname="MyPractice.DragandDropwithHold"/>
</testsuite> <!-- MyPractice.DragandDropwithHold -->
