<?xml version="1.0" encoding="UTF-8"?>
<!-- Generated by org.testng.reporters.JUnitReportReporter -->
<testsuite hostname="RASHHAD-PC" name="TestNG2.TestNGSample" tests="3" failures="0" timestamp="9 Jun 2016 19:20:37 GMT" time="0.010" errors="0">
  <testcase name="TestA" time="0.002" classname="TestNG2.TestNGSample"/>
  <testcase name="TestB" time="0.006" classname="TestNG2.TestNGSample"/>
  <testcase name="TestC" time="0.002" classname="TestNG2.TestNGSample"/>
</testsuite> <!-- TestNG2.TestNGSample -->
