<?xml version="1.0" encoding="UTF-8"?>
<!-- Generated by org.testng.reporters.JUnitReportReporter -->
<testsuite hostname="RASHHAD-PC" name="Sysro.Annotation_Practice" tests="3" failures="0" timestamp="3 Dec 2016 11:44:40 GMT" time="0.020" errors="0">
  <testcase name="Test3" time="0.010" classname="Sysro.Annotation_Practice"/>
  <testcase name="Test2" time="0.010" classname="Sysro.Annotation_Practice"/>
  <testcase name="Test1" time="0.000" classname="Sysro.Annotation_Practice"/>
</testsuite> <!-- Sysro.Annotation_Practice -->
